<?xml version="1.0" encoding="UTF-8"?>
<!-- Generated by org.testng.reporters.JUnitReportReporter -->
<testsuite skipped="0" hostname="PRO-RAET-AVINASH" name="seleniumConcepts.FindJSErrorsLogging" tests="1" failures="0" timestamp="17 Oct 2018 13:54:15 GMT" time="7.831" errors="0">
  <testcase name="testMethod" time="7.831" classname="seleniumConcepts.FindJSErrorsLogging"/>
</testsuite> <!-- seleniumConcepts.FindJSErrorsLogging -->
