<?xml version="1.0" encoding="UTF-8"?>
<!-- Generated by org.testng.reporters.JUnitReportReporter -->
<testsuite skipped="0" hostname="PRO-RAET-AVINASH" name="seleniumConcepts.BarCodeTest" tests="1" failures="0" timestamp="17 Oct 2018 14:13:53 GMT" time="10.123" errors="0">
  <testcase name="barCodeTest" time="10.123" classname="seleniumConcepts.BarCodeTest"/>
</testsuite> <!-- seleniumConcepts.BarCodeTest -->
